<?xml version="1.0" encoding="UTF-8"?>
<testsuite xmlns:xsi="http://www.w3.org/2001/XMLSchema-instance" xsi:noNamespaceSchemaLocation="https://maven.apache.org/surefire/maven-surefire-plugin/xsd/surefire-test-report-3.0.xsd" version="3.0" name="BalanceControllerTest" time="2.023" tests="1" errors="0" skipped="0" failures="0">
  <properties>
[...]
</properties>
  <testcase name="testGetUsersPage" classname="BalanceControllerTest" time="0.093">
    <system-out><![CDATA[
  .   ____          _            __ _ _
 /\\ / ___'_ __ _ _(_)_ __  __ _ \ \ \ \
( ( )\___ | '_ | '_| | '_ \/ _` | \ \ \ \
 \\/  ___)| |_)| | | | | || (_| |  ) ) ) )
  '  |____| .__|_| |_|_| |_\__, | / / / /
 =========|_|==============|___/=/_/_/_/
 :: Spring Boot ::                (v3.2.1)

2024-02-18T17:50:12.297+03:00  INFO 96463 --- [           main] BalanceControllerTest                    : Starting BalanceControllerTest using Java 21.0.1 with PID 96463 (started by rhogoron in /Users/rhogoron/User-Balance-Service/server)
2024-02-18T17:50:12.299+03:00  INFO 96463 --- [           main] BalanceControllerTest                    : No active profile set, falling back to 1 default profile: "default"
2024-02-18T17:50:13.407+03:00  INFO 96463 --- [           main] o.s.b.t.m.w.SpringBootMockServletContext : Initializing Spring TestDispatcherServlet ''
2024-02-18T17:50:13.407+03:00  INFO 96463 --- [           main] o.s.t.web.servlet.TestDispatcherServlet  : Initializing Servlet ''
2024-02-18T17:50:13.583+03:00  INFO 96463 --- [           main] o.s.t.web.servlet.TestDispatcherServlet  : Completed initialization in 174 ms
2024-02-18T17:50:13.612+03:00  INFO 96463 --- [           main] BalanceControllerTest                    : Started BalanceControllerTest in 1.583 seconds (process running for 2.293)
]]></system-out>
    <system-err><![CDATA[WARNING: A Java agent has been loaded dynamically (/Users/rhogoron/.m2/repository/net/bytebuddy/byte-buddy-agent/1.14.1/byte-buddy-agent-1.14.1.jar)
WARNING: If a serviceability tool is in use, please run with -XX:+EnableDynamicAgentLoading to hide this warning
WARNING: If a serviceability tool is not in use, please run with -Djdk.instrument.traceUsage for more information
WARNING: Dynamic loading of agents will be disallowed by default in a future release
]]></system-err>
  </testcase>
</testsuite>